000 (2897122.000.000) 2024-02-29 09:02:40 Job submitted from host: <10.0.8.14:9618?addrs=10.0.8.14-9618&alias=head2.htc.inm7.de&noUDP&sock=schedd_11993_c768>
    DAG Node: run5
...
000 (2897123.000.000) 2024-02-29 09:02:40 Job submitted from host: <10.0.8.14:9618?addrs=10.0.8.14-9618&alias=head2.htc.inm7.de&noUDP&sock=schedd_11993_c768>
    DAG Node: run16
...
000 (2897124.000.000) 2024-02-29 09:02:40 Job submitted from host: <10.0.8.14:9618?addrs=10.0.8.14-9618&alias=head2.htc.inm7.de&noUDP&sock=schedd_11993_c768>
    DAG Node: run21
...
000 (2897125.000.000) 2024-02-29 09:02:40 Job submitted from host: <10.0.8.14:9618?addrs=10.0.8.14-9618&alias=head2.htc.inm7.de&noUDP&sock=schedd_11993_c768>
    DAG Node: run30
...
000 (2897126.000.000) 2024-02-29 09:02:40 Job submitted from host: <10.0.8.14:9618?addrs=10.0.8.14-9618&alias=head2.htc.inm7.de&noUDP&sock=schedd_11993_c768>
    DAG Node: run36
...
000 (2897127.000.000) 2024-02-29 09:02:40 Job submitted from host: <10.0.8.14:9618?addrs=10.0.8.14-9618&alias=head2.htc.inm7.de&noUDP&sock=schedd_11993_c768>
    DAG Node: run40
...
000 (2897128.000.000) 2024-02-29 09:02:40 Job submitted from host: <10.0.8.14:9618?addrs=10.0.8.14-9618&alias=head2.htc.inm7.de&noUDP&sock=schedd_11993_c768>
    DAG Node: run41
...
000 (2897129.000.000) 2024-02-29 09:02:40 Job submitted from host: <10.0.8.14:9618?addrs=10.0.8.14-9618&alias=head2.htc.inm7.de&noUDP&sock=schedd_11993_c768>
    DAG Node: run43
...
000 (2897130.000.000) 2024-02-29 09:02:40 Job submitted from host: <10.0.8.14:9618?addrs=10.0.8.14-9618&alias=head2.htc.inm7.de&noUDP&sock=schedd_11993_c768>
    DAG Node: run52
...
000 (2897131.000.000) 2024-02-29 09:02:40 Job submitted from host: <10.0.8.14:9618?addrs=10.0.8.14-9618&alias=head2.htc.inm7.de&noUDP&sock=schedd_11993_c768>
    DAG Node: run56
...
000 (2897132.000.000) 2024-02-29 09:02:40 Job submitted from host: <10.0.8.14:9618?addrs=10.0.8.14-9618&alias=head2.htc.inm7.de&noUDP&sock=schedd_11993_c768>
    DAG Node: run62
...
000 (2897133.000.000) 2024-02-29 09:02:40 Job submitted from host: <10.0.8.14:9618?addrs=10.0.8.14-9618&alias=head2.htc.inm7.de&noUDP&sock=schedd_11993_c768>
    DAG Node: run67
...
000 (2897134.000.000) 2024-02-29 09:02:40 Job submitted from host: <10.0.8.14:9618?addrs=10.0.8.14-9618&alias=head2.htc.inm7.de&noUDP&sock=schedd_11993_c768>
    DAG Node: run68
...
000 (2897135.000.000) 2024-02-29 09:02:40 Job submitted from host: <10.0.8.14:9618?addrs=10.0.8.14-9618&alias=head2.htc.inm7.de&noUDP&sock=schedd_11993_c768>
    DAG Node: run72
...
000 (2897136.000.000) 2024-02-29 09:02:40 Job submitted from host: <10.0.8.14:9618?addrs=10.0.8.14-9618&alias=head2.htc.inm7.de&noUDP&sock=schedd_11993_c768>
    DAG Node: run83
...
000 (2897137.000.000) 2024-02-29 09:02:40 Job submitted from host: <10.0.8.14:9618?addrs=10.0.8.14-9618&alias=head2.htc.inm7.de&noUDP&sock=schedd_11993_c768>
    DAG Node: run84
...
000 (2897138.000.000) 2024-02-29 09:02:40 Job submitted from host: <10.0.8.14:9618?addrs=10.0.8.14-9618&alias=head2.htc.inm7.de&noUDP&sock=schedd_11993_c768>
    DAG Node: run88
...
000 (2897139.000.000) 2024-02-29 09:02:40 Job submitted from host: <10.0.8.14:9618?addrs=10.0.8.14-9618&alias=head2.htc.inm7.de&noUDP&sock=schedd_11993_c768>
    DAG Node: run100
...
000 (2897140.000.000) 2024-02-29 09:02:40 Job submitted from host: <10.0.8.14:9618?addrs=10.0.8.14-9618&alias=head2.htc.inm7.de&noUDP&sock=schedd_11993_c768>
    DAG Node: run116
...
000 (2897141.000.000) 2024-02-29 09:02:40 Job submitted from host: <10.0.8.14:9618?addrs=10.0.8.14-9618&alias=head2.htc.inm7.de&noUDP&sock=schedd_11993_c768>
    DAG Node: run119
...
000 (2897142.000.000) 2024-02-29 09:02:40 Job submitted from host: <10.0.8.14:9618?addrs=10.0.8.14-9618&alias=head2.htc.inm7.de&noUDP&sock=schedd_11993_c768>
    DAG Node: run120
...
000 (2897143.000.000) 2024-02-29 09:02:40 Job submitted from host: <10.0.8.14:9618?addrs=10.0.8.14-9618&alias=head2.htc.inm7.de&noUDP&sock=schedd_11993_c768>
    DAG Node: run138
...
000 (2897144.000.000) 2024-02-29 09:02:40 Job submitted from host: <10.0.8.14:9618?addrs=10.0.8.14-9618&alias=head2.htc.inm7.de&noUDP&sock=schedd_11993_c768>
    DAG Node: run139
...
000 (2897145.000.000) 2024-02-29 09:02:40 Job submitted from host: <10.0.8.14:9618?addrs=10.0.8.14-9618&alias=head2.htc.inm7.de&noUDP&sock=schedd_11993_c768>
    DAG Node: run143
...
000 (2897146.000.000) 2024-02-29 09:02:40 Job submitted from host: <10.0.8.14:9618?addrs=10.0.8.14-9618&alias=head2.htc.inm7.de&noUDP&sock=schedd_11993_c768>
    DAG Node: run146
...
000 (2897147.000.000) 2024-02-29 09:02:40 Job submitted from host: <10.0.8.14:9618?addrs=10.0.8.14-9618&alias=head2.htc.inm7.de&noUDP&sock=schedd_11993_c768>
    DAG Node: run150
...
000 (2897148.000.000) 2024-02-29 09:02:40 Job submitted from host: <10.0.8.14:9618?addrs=10.0.8.14-9618&alias=head2.htc.inm7.de&noUDP&sock=schedd_11993_c768>
    DAG Node: run153
...
000 (2897149.000.000) 2024-02-29 09:02:40 Job submitted from host: <10.0.8.14:9618?addrs=10.0.8.14-9618&alias=head2.htc.inm7.de&noUDP&sock=schedd_11993_c768>
    DAG Node: run155
...
000 (2897150.000.000) 2024-02-29 09:02:40 Job submitted from host: <10.0.8.14:9618?addrs=10.0.8.14-9618&alias=head2.htc.inm7.de&noUDP&sock=schedd_11993_c768>
    DAG Node: run161
...
000 (2897151.000.000) 2024-02-29 09:02:40 Job submitted from host: <10.0.8.14:9618?addrs=10.0.8.14-9618&alias=head2.htc.inm7.de&noUDP&sock=schedd_11993_c768>
    DAG Node: run162
...
000 (2897152.000.000) 2024-02-29 09:02:40 Job submitted from host: <10.0.8.14:9618?addrs=10.0.8.14-9618&alias=head2.htc.inm7.de&noUDP&sock=schedd_11993_c768>
    DAG Node: run177
...
000 (2897153.000.000) 2024-02-29 09:02:40 Job submitted from host: <10.0.8.14:9618?addrs=10.0.8.14-9618&alias=head2.htc.inm7.de&noUDP&sock=schedd_11993_c768>
    DAG Node: run182
...
000 (2897154.000.000) 2024-02-29 09:02:40 Job submitted from host: <10.0.8.14:9618?addrs=10.0.8.14-9618&alias=head2.htc.inm7.de&noUDP&sock=schedd_11993_c768>
    DAG Node: run185
...
000 (2897155.000.000) 2024-02-29 09:02:40 Job submitted from host: <10.0.8.14:9618?addrs=10.0.8.14-9618&alias=head2.htc.inm7.de&noUDP&sock=schedd_11993_c768>
    DAG Node: run191
...
000 (2897156.000.000) 2024-02-29 09:02:40 Job submitted from host: <10.0.8.14:9618?addrs=10.0.8.14-9618&alias=head2.htc.inm7.de&noUDP&sock=schedd_11993_c768>
    DAG Node: run202
...
000 (2897157.000.000) 2024-02-29 09:02:40 Job submitted from host: <10.0.8.14:9618?addrs=10.0.8.14-9618&alias=head2.htc.inm7.de&noUDP&sock=schedd_11993_c768>
    DAG Node: run206
...
001 (2897123.000.000) 2024-02-29 09:02:45 Job executing on host: <10.0.9.36:9618?addrs=10.0.9.36-9618&alias=cpu36.htc.inm7.de&noUDP&sock=startd_3284_211b>
...
001 (2897122.000.000) 2024-02-29 09:02:45 Job executing on host: <10.0.9.43:9618?addrs=10.0.9.43-9618&alias=cpu43.htc.inm7.de&noUDP&sock=startd_4211_f966>
...
001 (2897139.000.000) 2024-02-29 09:02:45 Job executing on host: <10.0.9.43:9618?addrs=10.0.9.43-9618&alias=cpu43.htc.inm7.de&noUDP&sock=startd_4211_f966>
...
001 (2897130.000.000) 2024-02-29 09:02:45 Job executing on host: <10.0.9.37:9618?addrs=10.0.9.37-9618&alias=cpu37.htc.inm7.de&noUDP&sock=startd_3194_6595>
...
001 (2897131.000.000) 2024-02-29 09:02:45 Job executing on host: <10.0.9.44:9618?addrs=10.0.9.44-9618&alias=cpu44.htc.inm7.de&noUDP&sock=startd_3868_b46a>
...
001 (2897140.000.000) 2024-02-29 09:02:45 Job executing on host: <10.0.9.36:9618?addrs=10.0.9.36-9618&alias=cpu36.htc.inm7.de&noUDP&sock=startd_3284_211b>
...
001 (2897127.000.000) 2024-02-29 09:02:45 Job executing on host: <10.0.9.39:9618?addrs=10.0.9.39-9618&alias=cpu39.htc.inm7.de&noUDP&sock=startd_3209_af81>
...
001 (2897129.000.000) 2024-02-29 09:02:45 Job executing on host: <10.0.9.41:9618?addrs=10.0.9.41-9618&alias=cpu41.htc.inm7.de&noUDP&sock=startd_3202_e257>
...
001 (2897124.000.000) 2024-02-29 09:02:45 Job executing on host: <10.0.9.35:9618?addrs=10.0.9.35-9618&alias=cpu35.htc.inm7.de&noUDP&sock=startd_2845_0307>
...
001 (2897125.000.000) 2024-02-29 09:02:45 Job executing on host: <10.0.9.40:9618?addrs=10.0.9.40-9618&alias=cpu40.htc.inm7.de&noUDP&sock=startd_3185_393b>
...
001 (2897144.000.000) 2024-02-29 09:02:45 Job executing on host: <10.0.9.39:9618?addrs=10.0.9.39-9618&alias=cpu39.htc.inm7.de&noUDP&sock=startd_3209_af81>
...
001 (2897146.000.000) 2024-02-29 09:02:45 Job executing on host: <10.0.9.41:9618?addrs=10.0.9.41-9618&alias=cpu41.htc.inm7.de&noUDP&sock=startd_3202_e257>
...
001 (2897128.000.000) 2024-02-29 09:02:45 Job executing on host: <10.0.9.42:9618?addrs=10.0.9.42-9618&alias=cpu42.htc.inm7.de&noUDP&sock=startd_3224_f96c>
...
001 (2897126.000.000) 2024-02-29 09:02:45 Job executing on host: <10.0.9.38:9618?addrs=10.0.9.38-9618&alias=cpu38.htc.inm7.de&noUDP&sock=startd_3188_4803>
...
001 (2897142.000.000) 2024-02-29 09:02:45 Job executing on host: <10.0.9.40:9618?addrs=10.0.9.40-9618&alias=cpu40.htc.inm7.de&noUDP&sock=startd_3185_393b>
...
001 (2897141.000.000) 2024-02-29 09:02:45 Job executing on host: <10.0.9.35:9618?addrs=10.0.9.35-9618&alias=cpu35.htc.inm7.de&noUDP&sock=startd_2845_0307>
...
001 (2897145.000.000) 2024-02-29 09:02:45 Job executing on host: <10.0.9.42:9618?addrs=10.0.9.42-9618&alias=cpu42.htc.inm7.de&noUDP&sock=startd_3224_f96c>
...
001 (2897143.000.000) 2024-02-29 09:02:45 Job executing on host: <10.0.9.38:9618?addrs=10.0.9.38-9618&alias=cpu38.htc.inm7.de&noUDP&sock=startd_3188_4803>
...
001 (2897133.000.000) 2024-02-29 09:02:45 Job executing on host: <10.0.9.32:9618?addrs=10.0.9.32-9618&alias=cpu32.htc.inm7.de&noUDP&sock=startd_2940_2c87>
...
001 (2897150.000.000) 2024-02-29 09:02:45 Job executing on host: <10.0.9.44:9618?addrs=10.0.9.44-9618&alias=cpu44.htc.inm7.de&noUDP&sock=startd_3868_b46a>
...
001 (2897157.000.000) 2024-02-29 09:02:45 Job executing on host: <10.0.9.36:9618?addrs=10.0.9.36-9618&alias=cpu36.htc.inm7.de&noUDP&sock=startd_3284_211b>
...
001 (2897132.000.000) 2024-02-29 09:02:45 Job executing on host: <10.0.9.31:9618?addrs=10.0.9.31-9618&alias=cpu31.htc.inm7.de&noUDP&sock=startd_3005_c22f>
...
001 (2897152.000.000) 2024-02-29 09:02:45 Job executing on host: <10.0.9.32:9618?addrs=10.0.9.32-9618&alias=cpu32.htc.inm7.de&noUDP&sock=startd_2940_2c87>
...
001 (2897148.000.000) 2024-02-29 09:02:45 Job executing on host: <10.0.9.43:9618?addrs=10.0.9.43-9618&alias=cpu43.htc.inm7.de&noUDP&sock=startd_4211_f966>
...
001 (2897147.000.000) 2024-02-29 09:02:45 Job executing on host: <10.0.9.37:9618?addrs=10.0.9.37-9618&alias=cpu37.htc.inm7.de&noUDP&sock=startd_3194_6595>
...
001 (2897151.000.000) 2024-02-29 09:02:45 Job executing on host: <10.0.9.31:9618?addrs=10.0.9.31-9618&alias=cpu31.htc.inm7.de&noUDP&sock=startd_3005_c22f>
...
001 (2897138.000.000) 2024-02-29 09:02:45 Job executing on host: <10.0.9.33:9618?addrs=10.0.9.33-9618&alias=cpu33.htc.inm7.de&noUDP&sock=startd_2649_9277>
...
001 (2897134.000.000) 2024-02-29 09:02:45 Job executing on host: <10.0.9.10:9618?addrs=10.0.9.10-9618&alias=cpu10.htc.inm7.de&noUDP&sock=startd_3541_68f2>
...
001 (2897135.000.000) 2024-02-29 09:02:45 Job executing on host: <10.0.9.12:9618?addrs=10.0.9.12-9618&alias=cpu12.htc.inm7.de&noUDP&sock=startd_3250_cee3>
...
001 (2897149.000.000) 2024-02-29 09:02:45 Job executing on host: <10.0.9.33:9618?addrs=10.0.9.33-9618&alias=cpu33.htc.inm7.de&noUDP&sock=startd_2649_9277>
...
001 (2897136.000.000) 2024-02-29 09:02:45 Job executing on host: <10.0.9.11:9618?addrs=10.0.9.11-9618&alias=cpu11.htc.inm7.de&noUDP&sock=startd_3524_bfd6>
...
001 (2897137.000.000) 2024-02-29 09:02:45 Job executing on host: <10.0.9.9:9618?addrs=10.0.9.9-9618&alias=cpu9.htc.inm7.de&noUDP&sock=startd_3524_bfd6>
...
001 (2897153.000.000) 2024-02-29 09:02:45 Job executing on host: <10.0.9.10:9618?addrs=10.0.9.10-9618&alias=cpu10.htc.inm7.de&noUDP&sock=startd_3541_68f2>
...
001 (2897154.000.000) 2024-02-29 09:02:45 Job executing on host: <10.0.9.12:9618?addrs=10.0.9.12-9618&alias=cpu12.htc.inm7.de&noUDP&sock=startd_3250_cee3>
...
001 (2897155.000.000) 2024-02-29 09:02:45 Job executing on host: <10.0.9.11:9618?addrs=10.0.9.11-9618&alias=cpu11.htc.inm7.de&noUDP&sock=startd_3524_bfd6>
...
001 (2897156.000.000) 2024-02-29 09:02:45 Job executing on host: <10.0.9.9:9618?addrs=10.0.9.9-9618&alias=cpu9.htc.inm7.de&noUDP&sock=startd_3524_bfd6>
...
005 (2897146.000.000) 2024-02-29 09:03:30 Job terminated.
	(1) Normal termination (return value 1)
		Usr 0 00:00:22, Sys 0 00:00:12  -  Run Remote Usage
		Usr 0 00:00:00, Sys 0 00:00:00  -  Run Local Usage
		Usr 0 00:00:22, Sys 0 00:00:12  -  Total Remote Usage
		Usr 0 00:00:00, Sys 0 00:00:00  -  Total Local Usage
	0  -  Run Bytes Sent By Job
	0  -  Run Bytes Received By Job
	0  -  Total Bytes Sent By Job
	0  -  Total Bytes Received By Job
	Partitionable Resources :    Usage  Request Allocated 
	   Cpus                 :     0.66        1         1 
	   Disk (KB)            :     1     1048576   3869110 
	   Memory (MB)          :   206       20480     20480 

	Job terminated of its own accord at 2024-02-29T08:03:30Z with exit-code 1.
...
005 (2897131.000.000) 2024-02-29 09:03:31 Job terminated.
	(1) Normal termination (return value 1)
		Usr 0 00:00:21, Sys 0 00:00:13  -  Run Remote Usage
		Usr 0 00:00:00, Sys 0 00:00:00  -  Run Local Usage
		Usr 0 00:00:21, Sys 0 00:00:13  -  Total Remote Usage
		Usr 0 00:00:00, Sys 0 00:00:00  -  Total Local Usage
	0  -  Run Bytes Sent By Job
	0  -  Run Bytes Received By Job
	0  -  Total Bytes Sent By Job
	0  -  Total Bytes Received By Job
	Partitionable Resources :    Usage  Request Allocated 
	   Cpus                 :                 1         1 
	   Disk (KB)            :        1  1048576  24829509 
	   Memory (MB)          :      205    20480     20480 

	Job terminated of its own accord at 2024-02-29T08:03:31Z with exit-code 1.
...
005 (2897144.000.000) 2024-02-29 09:03:32 Job terminated.
	(1) Normal termination (return value 1)
		Usr 0 00:00:23, Sys 0 00:00:12  -  Run Remote Usage
		Usr 0 00:00:00, Sys 0 00:00:00  -  Run Local Usage
		Usr 0 00:00:23, Sys 0 00:00:12  -  Total Remote Usage
		Usr 0 00:00:00, Sys 0 00:00:00  -  Total Local Usage
	0  -  Run Bytes Sent By Job
	0  -  Run Bytes Received By Job
	0  -  Total Bytes Sent By Job
	0  -  Total Bytes Received By Job
	Partitionable Resources :    Usage  Request Allocated 
	   Cpus                 :                 1         1 
	   Disk (KB)            :        1  1048576   3869112 
	   Memory (MB)          :      207    20480     20480 

	Job terminated of its own accord at 2024-02-29T08:03:32Z with exit-code 1.
...
005 (2897124.000.000) 2024-02-29 09:03:33 Job terminated.
	(1) Normal termination (return value 1)
		Usr 0 00:00:23, Sys 0 00:00:13  -  Run Remote Usage
		Usr 0 00:00:00, Sys 0 00:00:00  -  Run Local Usage
		Usr 0 00:00:23, Sys 0 00:00:13  -  Total Remote Usage
		Usr 0 00:00:00, Sys 0 00:00:00  -  Total Local Usage
	0  -  Run Bytes Sent By Job
	0  -  Run Bytes Received By Job
	0  -  Total Bytes Sent By Job
	0  -  Total Bytes Received By Job
	Partitionable Resources :    Usage  Request Allocated 
	   Cpus                 :                 1         1 
	   Disk (KB)            :        1  1048576   3869108 
	   Memory (MB)          :      207    20480     20480 

	Job terminated of its own accord at 2024-02-29T08:03:32Z with exit-code 1.
...
005 (2897150.000.000) 2024-02-29 09:03:33 Job terminated.
	(1) Normal termination (return value 1)
		Usr 0 00:00:20, Sys 0 00:00:13  -  Run Remote Usage
		Usr 0 00:00:00, Sys 0 00:00:00  -  Run Local Usage
		Usr 0 00:00:20, Sys 0 00:00:13  -  Total Remote Usage
		Usr 0 00:00:00, Sys 0 00:00:00  -  Total Local Usage
	0  -  Run Bytes Sent By Job
	0  -  Run Bytes Received By Job
	0  -  Total Bytes Sent By Job
	0  -  Total Bytes Received By Job
	Partitionable Resources :    Usage  Request Allocated 
	   Cpus                 :                 1         1 
	   Disk (KB)            :        1  1048576  24829509 
	   Memory (MB)          :      205    20480     20480 

	Job terminated of its own accord at 2024-02-29T08:03:33Z with exit-code 1.
...
005 (2897142.000.000) 2024-02-29 09:03:40 Job terminated.
	(1) Normal termination (return value 1)
		Usr 0 00:00:24, Sys 0 00:00:13  -  Run Remote Usage
		Usr 0 00:00:00, Sys 0 00:00:00  -  Run Local Usage
		Usr 0 00:00:24, Sys 0 00:00:13  -  Total Remote Usage
		Usr 0 00:00:00, Sys 0 00:00:00  -  Total Local Usage
	0  -  Run Bytes Sent By Job
	0  -  Run Bytes Received By Job
	0  -  Total Bytes Sent By Job
	0  -  Total Bytes Received By Job
	Partitionable Resources :    Usage  Request Allocated 
	   Cpus                 :                 1         1 
	   Disk (KB)            :        1  1048576   3869109 
	   Memory (MB)          :      207    20480     20480 

	Job terminated of its own accord at 2024-02-29T08:03:40Z with exit-code 1.
...
005 (2897155.000.000) 2024-02-29 09:03:41 Job terminated.
	(1) Normal termination (return value 1)
		Usr 0 00:00:33, Sys 0 00:00:20  -  Run Remote Usage
		Usr 0 00:00:00, Sys 0 00:00:00  -  Run Local Usage
		Usr 0 00:00:33, Sys 0 00:00:20  -  Total Remote Usage
		Usr 0 00:00:00, Sys 0 00:00:00  -  Total Local Usage
	0  -  Run Bytes Sent By Job
	0  -  Run Bytes Received By Job
	0  -  Total Bytes Sent By Job
	0  -  Total Bytes Received By Job
	Partitionable Resources :    Usage  Request Allocated 
	   Cpus                 :        0        1         1 
	   Disk (KB)            :        1  1048576   3771086 
	   Memory (MB)          :      207    20480     20480 

	Job terminated of its own accord at 2024-02-29T08:03:41Z with exit-code 1.
...
005 (2897153.000.000) 2024-02-29 09:03:44 Job terminated.
	(1) Normal termination (return value 1)
		Usr 0 00:00:32, Sys 0 00:00:20  -  Run Remote Usage
		Usr 0 00:00:00, Sys 0 00:00:00  -  Run Local Usage
		Usr 0 00:00:32, Sys 0 00:00:20  -  Total Remote Usage
		Usr 0 00:00:00, Sys 0 00:00:00  -  Total Local Usage
	0  -  Run Bytes Sent By Job
	0  -  Run Bytes Received By Job
	0  -  Total Bytes Sent By Job
	0  -  Total Bytes Received By Job
	Partitionable Resources :    Usage  Request Allocated 
	   Cpus                 :                 1         1 
	   Disk (KB)            :        1  1048576   3771083 
	   Memory (MB)          :      202    20480     20480 

	Job terminated of its own accord at 2024-02-29T08:03:44Z with exit-code 1.
...
005 (2897152.000.000) 2024-02-29 09:03:46 Job terminated.
	(1) Normal termination (return value 1)
		Usr 0 00:00:32, Sys 0 00:00:16  -  Run Remote Usage
		Usr 0 00:00:00, Sys 0 00:00:00  -  Run Local Usage
		Usr 0 00:00:32, Sys 0 00:00:16  -  Total Remote Usage
		Usr 0 00:00:00, Sys 0 00:00:00  -  Total Local Usage
	0  -  Run Bytes Sent By Job
	0  -  Run Bytes Received By Job
	0  -  Total Bytes Sent By Job
	0  -  Total Bytes Received By Job
	Partitionable Resources :    Usage  Request Allocated 
	   Cpus                 :                 1         1 
	   Disk (KB)            :        1  1048576   3869106 
	   Memory (MB)          :      205    20480     20480 

	Job terminated of its own accord at 2024-02-29T08:03:45Z with exit-code 1.
...
005 (2897145.000.000) 2024-02-29 09:03:46 Job terminated.
	(1) Normal termination (return value 1)
		Usr 0 00:00:24, Sys 0 00:00:11  -  Run Remote Usage
		Usr 0 00:00:00, Sys 0 00:00:00  -  Run Local Usage
		Usr 0 00:00:24, Sys 0 00:00:11  -  Total Remote Usage
		Usr 0 00:00:00, Sys 0 00:00:00  -  Total Local Usage
	0  -  Run Bytes Sent By Job
	0  -  Run Bytes Received By Job
	0  -  Total Bytes Sent By Job
	0  -  Total Bytes Received By Job
	Partitionable Resources :    Usage  Request Allocated 
	   Cpus                 :     0.35        1         1 
	   Disk (KB)            :     1     1048576   3869111 
	   Memory (MB)          :   195       20480     20480 

	Job terminated of its own accord at 2024-02-29T08:03:46Z with exit-code 1.
...
005 (2897127.000.000) 2024-02-29 09:03:49 Job terminated.
	(1) Normal termination (return value 1)
		Usr 0 00:00:24, Sys 0 00:00:13  -  Run Remote Usage
		Usr 0 00:00:00, Sys 0 00:00:00  -  Run Local Usage
		Usr 0 00:00:24, Sys 0 00:00:13  -  Total Remote Usage
		Usr 0 00:00:00, Sys 0 00:00:00  -  Total Local Usage
	0  -  Run Bytes Sent By Job
	0  -  Run Bytes Received By Job
	0  -  Total Bytes Sent By Job
	0  -  Total Bytes Received By Job
	Partitionable Resources :    Usage  Request Allocated 
	   Cpus                 :                 1         1 
	   Disk (KB)            :        1  1048576   3869112 
	   Memory (MB)          :      190    20480     20480 

	Job terminated of its own accord at 2024-02-29T08:03:49Z with exit-code 1.
...
005 (2897148.000.000) 2024-02-29 09:04:37 Job terminated.
	(1) Normal termination (return value 1)
		Usr 0 00:01:07, Sys 0 00:00:17  -  Run Remote Usage
		Usr 0 00:00:00, Sys 0 00:00:00  -  Run Local Usage
		Usr 0 00:01:07, Sys 0 00:00:17  -  Total Remote Usage
		Usr 0 00:00:00, Sys 0 00:00:00  -  Total Local Usage
	0  -  Run Bytes Sent By Job
	0  -  Run Bytes Received By Job
	0  -  Total Bytes Sent By Job
	0  -  Total Bytes Received By Job
	Partitionable Resources :    Usage  Request Allocated 
	   Cpus                 :                 1         1 
	   Disk (KB)            :        1  1048576  24829555 
	   Memory (MB)          :      205    20480     20480 

	Job terminated of its own accord at 2024-02-29T08:04:37Z with exit-code 1.
...
005 (2897125.000.000) 2024-02-29 09:04:40 Job terminated.
	(1) Normal termination (return value 1)
		Usr 0 00:01:14, Sys 0 00:00:17  -  Run Remote Usage
		Usr 0 00:00:00, Sys 0 00:00:00  -  Run Local Usage
		Usr 0 00:01:14, Sys 0 00:00:17  -  Total Remote Usage
		Usr 0 00:00:00, Sys 0 00:00:00  -  Total Local Usage
	0  -  Run Bytes Sent By Job
	0  -  Run Bytes Received By Job
	0  -  Total Bytes Sent By Job
	0  -  Total Bytes Received By Job
	Partitionable Resources :    Usage  Request Allocated 
	   Cpus                 :     0.66        1         1 
	   Disk (KB)            :     1     1048576   3869109 
	   Memory (MB)          :   207       20480     20480 

	Job terminated of its own accord at 2024-02-29T08:04:40Z with exit-code 1.
...
005 (2897123.000.000) 2024-02-29 09:04:41 Job terminated.
	(1) Normal termination (return value 1)
		Usr 0 00:01:13, Sys 0 00:00:16  -  Run Remote Usage
		Usr 0 00:00:00, Sys 0 00:00:00  -  Run Local Usage
		Usr 0 00:01:13, Sys 0 00:00:16  -  Total Remote Usage
		Usr 0 00:00:00, Sys 0 00:00:00  -  Total Local Usage
	0  -  Run Bytes Sent By Job
	0  -  Run Bytes Received By Job
	0  -  Total Bytes Sent By Job
	0  -  Total Bytes Received By Job
	Partitionable Resources :    Usage  Request Allocated 
	   Cpus                 :                 1         1 
	   Disk (KB)            :        1  1048576   3869109 
	   Memory (MB)          :      207    20480     20480 

	Job terminated of its own accord at 2024-02-29T08:04:41Z with exit-code 1.
...
005 (2897139.000.000) 2024-02-29 09:04:43 Job terminated.
	(1) Normal termination (return value 1)
		Usr 0 00:01:08, Sys 0 00:00:18  -  Run Remote Usage
		Usr 0 00:00:00, Sys 0 00:00:00  -  Run Local Usage
		Usr 0 00:01:08, Sys 0 00:00:18  -  Total Remote Usage
		Usr 0 00:00:00, Sys 0 00:00:00  -  Total Local Usage
	0  -  Run Bytes Sent By Job
	0  -  Run Bytes Received By Job
	0  -  Total Bytes Sent By Job
	0  -  Total Bytes Received By Job
	Partitionable Resources :    Usage  Request Allocated 
	   Cpus                 :                 1         1 
	   Disk (KB)            :        1  1048576  24829555 
	   Memory (MB)          :      205    20480     20480 

	Job terminated of its own accord at 2024-02-29T08:04:43Z with exit-code 1.
...
005 (2897141.000.000) 2024-02-29 09:04:44 Job terminated.
	(1) Normal termination (return value 1)
		Usr 0 00:01:17, Sys 0 00:00:16  -  Run Remote Usage
		Usr 0 00:00:00, Sys 0 00:00:00  -  Run Local Usage
		Usr 0 00:01:17, Sys 0 00:00:16  -  Total Remote Usage
		Usr 0 00:00:00, Sys 0 00:00:00  -  Total Local Usage
	0  -  Run Bytes Sent By Job
	0  -  Run Bytes Received By Job
	0  -  Total Bytes Sent By Job
	0  -  Total Bytes Received By Job
	Partitionable Resources :    Usage  Request Allocated 
	   Cpus                 :     0.68        1         1 
	   Disk (KB)            :     1     1048576   3869108 
	   Memory (MB)          :   207       20480     20480 

	Job terminated of its own accord at 2024-02-29T08:04:44Z with exit-code 1.
...
005 (2897130.000.000) 2024-02-29 09:04:47 Job terminated.
	(1) Normal termination (return value 1)
		Usr 0 00:01:10, Sys 0 00:00:16  -  Run Remote Usage
		Usr 0 00:00:00, Sys 0 00:00:00  -  Run Local Usage
		Usr 0 00:01:10, Sys 0 00:00:16  -  Total Remote Usage
		Usr 0 00:00:00, Sys 0 00:00:00  -  Total Local Usage
	0  -  Run Bytes Sent By Job
	0  -  Run Bytes Received By Job
	0  -  Total Bytes Sent By Job
	0  -  Total Bytes Received By Job
	Partitionable Resources :    Usage  Request Allocated 
	   Cpus                 :                 1         1 
	   Disk (KB)            :        1  1048576   3869121 
	   Memory (MB)          :      205    20480     20480 

	Job terminated of its own accord at 2024-02-29T08:04:47Z with exit-code 1.
...
005 (2897129.000.000) 2024-02-29 09:04:48 Job terminated.
	(1) Normal termination (return value 1)
		Usr 0 00:01:12, Sys 0 00:00:16  -  Run Remote Usage
		Usr 0 00:00:00, Sys 0 00:00:00  -  Run Local Usage
		Usr 0 00:01:12, Sys 0 00:00:16  -  Total Remote Usage
		Usr 0 00:00:00, Sys 0 00:00:00  -  Total Local Usage
	0  -  Run Bytes Sent By Job
	0  -  Run Bytes Received By Job
	0  -  Total Bytes Sent By Job
	0  -  Total Bytes Received By Job
	Partitionable Resources :    Usage  Request Allocated 
	   Cpus                 :     0.95        1         1 
	   Disk (KB)            :     1     1048576   3869110 
	   Memory (MB)          :   206       20480     20480 

	Job terminated of its own accord at 2024-02-29T08:04:48Z with exit-code 1.
...
005 (2897140.000.000) 2024-02-29 09:04:52 Job terminated.
	(1) Normal termination (return value 1)
		Usr 0 00:01:13, Sys 0 00:00:17  -  Run Remote Usage
		Usr 0 00:00:00, Sys 0 00:00:00  -  Run Local Usage
		Usr 0 00:01:13, Sys 0 00:00:17  -  Total Remote Usage
		Usr 0 00:00:00, Sys 0 00:00:00  -  Total Local Usage
	0  -  Run Bytes Sent By Job
	0  -  Run Bytes Received By Job
	0  -  Total Bytes Sent By Job
	0  -  Total Bytes Received By Job
	Partitionable Resources :    Usage  Request Allocated 
	   Cpus                 :     1.01        1         1 
	   Disk (KB)            :     1     1048576   3869109 
	   Memory (MB)          :   207       20480     20480 

	Job terminated of its own accord at 2024-02-29T08:04:52Z with exit-code 1.
...
005 (2897126.000.000) 2024-02-29 09:04:52 Job terminated.
	(1) Normal termination (return value 1)
		Usr 0 00:01:20, Sys 0 00:00:17  -  Run Remote Usage
		Usr 0 00:00:00, Sys 0 00:00:00  -  Run Local Usage
		Usr 0 00:01:20, Sys 0 00:00:17  -  Total Remote Usage
		Usr 0 00:00:00, Sys 0 00:00:00  -  Total Local Usage
	0  -  Run Bytes Sent By Job
	0  -  Run Bytes Received By Job
	0  -  Total Bytes Sent By Job
	0  -  Total Bytes Received By Job
	Partitionable Resources :    Usage  Request Allocated 
	   Cpus                 :     0.42        1         1 
	   Disk (KB)            :     1     1048576   3869127 
	   Memory (MB)          :   204       20480     20480 

	Job terminated of its own accord at 2024-02-29T08:04:52Z with exit-code 1.
...
005 (2897143.000.000) 2024-02-29 09:04:53 Job terminated.
	(1) Normal termination (return value 1)
		Usr 0 00:01:20, Sys 0 00:00:18  -  Run Remote Usage
		Usr 0 00:00:00, Sys 0 00:00:00  -  Run Local Usage
		Usr 0 00:01:20, Sys 0 00:00:18  -  Total Remote Usage
		Usr 0 00:00:00, Sys 0 00:00:00  -  Total Local Usage
	0  -  Run Bytes Sent By Job
	0  -  Run Bytes Received By Job
	0  -  Total Bytes Sent By Job
	0  -  Total Bytes Received By Job
	Partitionable Resources :    Usage  Request Allocated 
	   Cpus                 :     0.37        1         1 
	   Disk (KB)            :     1     1048576   3869127 
	   Memory (MB)          :   205       20480     20480 

	Job terminated of its own accord at 2024-02-29T08:04:53Z with exit-code 1.
...
005 (2897133.000.000) 2024-02-29 09:04:56 Job terminated.
	(1) Normal termination (return value 1)
		Usr 0 00:01:29, Sys 0 00:00:20  -  Run Remote Usage
		Usr 0 00:00:00, Sys 0 00:00:00  -  Run Local Usage
		Usr 0 00:01:29, Sys 0 00:00:20  -  Total Remote Usage
		Usr 0 00:00:00, Sys 0 00:00:00  -  Total Local Usage
	0  -  Run Bytes Sent By Job
	0  -  Run Bytes Received By Job
	0  -  Total Bytes Sent By Job
	0  -  Total Bytes Received By Job
	Partitionable Resources :    Usage  Request Allocated 
	   Cpus                 :                 1         1 
	   Disk (KB)            :        1  1048576   3869106 
	   Memory (MB)          :      207    20480     20480 

	Job terminated of its own accord at 2024-02-29T08:04:55Z with exit-code 1.
...
005 (2897138.000.000) 2024-02-29 09:05:03 Job terminated.
	(1) Normal termination (return value 1)
		Usr 0 00:01:39, Sys 0 00:00:23  -  Run Remote Usage
		Usr 0 00:00:00, Sys 0 00:00:00  -  Run Local Usage
		Usr 0 00:01:39, Sys 0 00:00:23  -  Total Remote Usage
		Usr 0 00:00:00, Sys 0 00:00:00  -  Total Local Usage
	0  -  Run Bytes Sent By Job
	0  -  Run Bytes Received By Job
	0  -  Total Bytes Sent By Job
	0  -  Total Bytes Received By Job
	Partitionable Resources :    Usage  Request Allocated 
	   Cpus                 :                 1         1 
	   Disk (KB)            :        1  1048576  24620402 
	   Memory (MB)          :      204    20480     20480 

	Job terminated of its own accord at 2024-02-29T08:05:03Z with exit-code 1.
...
005 (2897132.000.000) 2024-02-29 09:05:03 Job terminated.
	(1) Normal termination (return value 1)
		Usr 0 00:01:35, Sys 0 00:00:21  -  Run Remote Usage
		Usr 0 00:00:00, Sys 0 00:00:00  -  Run Local Usage
		Usr 0 00:01:35, Sys 0 00:00:21  -  Total Remote Usage
		Usr 0 00:00:00, Sys 0 00:00:00  -  Total Local Usage
	0  -  Run Bytes Sent By Job
	0  -  Run Bytes Received By Job
	0  -  Total Bytes Sent By Job
	0  -  Total Bytes Received By Job
	Partitionable Resources :    Usage  Request Allocated 
	   Cpus                 :                 1         1 
	   Disk (KB)            :        1  1048576   3869111 
	   Memory (MB)          :      207    20480     20480 

	Job terminated of its own accord at 2024-02-29T08:05:03Z with exit-code 1.
...
005 (2897154.000.000) 2024-02-29 09:05:09 Job terminated.
	(1) Normal termination (return value 1)
		Usr 0 00:01:42, Sys 0 00:00:26  -  Run Remote Usage
		Usr 0 00:00:00, Sys 0 00:00:00  -  Run Local Usage
		Usr 0 00:01:42, Sys 0 00:00:26  -  Total Remote Usage
		Usr 0 00:00:00, Sys 0 00:00:00  -  Total Local Usage
	0  -  Run Bytes Sent By Job
	0  -  Run Bytes Received By Job
	0  -  Total Bytes Sent By Job
	0  -  Total Bytes Received By Job
	Partitionable Resources :    Usage  Request Allocated 
	   Cpus                 :     0.90        1         1 
	   Disk (KB)            :     1     1048576   3771012 
	   Memory (MB)          :   203       20480     20480 

	Job terminated of its own accord at 2024-02-29T08:05:09Z with exit-code 1.
...
005 (2897137.000.000) 2024-02-29 09:05:15 Job terminated.
	(1) Normal termination (return value 1)
		Usr 0 00:01:45, Sys 0 00:00:26  -  Run Remote Usage
		Usr 0 00:00:00, Sys 0 00:00:00  -  Run Local Usage
		Usr 0 00:01:45, Sys 0 00:00:26  -  Total Remote Usage
		Usr 0 00:00:00, Sys 0 00:00:00  -  Total Local Usage
	0  -  Run Bytes Sent By Job
	0  -  Run Bytes Received By Job
	0  -  Total Bytes Sent By Job
	0  -  Total Bytes Received By Job
	Partitionable Resources :    Usage  Request Allocated 
	   Cpus                 :     0.99        1         1 
	   Disk (KB)            :     1     1048576   3771068 
	   Memory (MB)          :   199       20480     20480 

	Job terminated of its own accord at 2024-02-29T08:05:15Z with exit-code 1.
...
005 (2897135.000.000) 2024-02-29 09:05:22 Job terminated.
	(1) Normal termination (return value 1)
		Usr 0 00:01:47, Sys 0 00:00:27  -  Run Remote Usage
		Usr 0 00:00:00, Sys 0 00:00:00  -  Run Local Usage
		Usr 0 00:01:47, Sys 0 00:00:27  -  Total Remote Usage
		Usr 0 00:00:00, Sys 0 00:00:00  -  Total Local Usage
	0  -  Run Bytes Sent By Job
	0  -  Run Bytes Received By Job
	0  -  Total Bytes Sent By Job
	0  -  Total Bytes Received By Job
	Partitionable Resources :    Usage  Request Allocated 
	   Cpus                 :     0.72        1         1 
	   Disk (KB)            :     1     1048576   3771012 
	   Memory (MB)          :   188       20480     20480 

	Job terminated of its own accord at 2024-02-29T08:05:22Z with exit-code 1.
...
005 (2897156.000.000) 2024-02-29 09:05:22 Job terminated.
	(1) Normal termination (return value 1)
		Usr 0 00:01:47, Sys 0 00:00:27  -  Run Remote Usage
		Usr 0 00:00:00, Sys 0 00:00:00  -  Run Local Usage
		Usr 0 00:01:47, Sys 0 00:00:27  -  Total Remote Usage
		Usr 0 00:00:00, Sys 0 00:00:00  -  Total Local Usage
	0  -  Run Bytes Sent By Job
	0  -  Run Bytes Received By Job
	0  -  Total Bytes Sent By Job
	0  -  Total Bytes Received By Job
	Partitionable Resources :    Usage  Request Allocated 
	   Cpus                 :     0.95        1         1 
	   Disk (KB)            :     1     1048576   3771068 
	   Memory (MB)          :   197       20480     20480 

	Job terminated of its own accord at 2024-02-29T08:05:22Z with exit-code 1.
...
005 (2897157.000.000) 2024-02-29 09:08:46 Job terminated.
	(1) Normal termination (return value 1)
		Usr 0 00:01:16, Sys 0 00:00:19  -  Run Remote Usage
		Usr 0 00:00:00, Sys 0 00:00:00  -  Run Local Usage
		Usr 0 00:01:16, Sys 0 00:00:19  -  Total Remote Usage
		Usr 0 00:00:00, Sys 0 00:00:00  -  Total Local Usage
	0  -  Run Bytes Sent By Job
	0  -  Run Bytes Received By Job
	0  -  Total Bytes Sent By Job
	0  -  Total Bytes Received By Job
	Partitionable Resources :    Usage  Request Allocated 
	   Cpus                 :     0.03        1         1 
	   Disk (KB)            :     1     1048576   3869109 
	   Memory (MB)          :   204       20480     20480 

	Job terminated of its own accord at 2024-02-29T08:08:46Z with exit-code 1.
...
005 (2897147.000.000) 2024-02-29 09:13:51 Job terminated.
	(1) Normal termination (return value 1)
		Usr 0 00:00:46, Sys 0 00:00:57  -  Run Remote Usage
		Usr 0 00:00:00, Sys 0 00:00:00  -  Run Local Usage
		Usr 0 00:00:46, Sys 0 00:00:57  -  Total Remote Usage
		Usr 0 00:00:00, Sys 0 00:00:00  -  Total Local Usage
	0  -  Run Bytes Sent By Job
	0  -  Run Bytes Received By Job
	0  -  Total Bytes Sent By Job
	0  -  Total Bytes Received By Job
	Partitionable Resources :    Usage  Request Allocated 
	   Cpus                 :     0.13        1         1 
	   Disk (KB)            :     1     1048576   3869121 
	   Memory (MB)          :   206       20480     20480 

	Job terminated of its own accord at 2024-02-29T08:13:51Z with exit-code 1.
...
005 (2897128.000.000) 2024-02-29 09:15:41 Job terminated.
	(1) Normal termination (return value 1)
		Usr 0 00:01:19, Sys 0 00:00:18  -  Run Remote Usage
		Usr 0 00:00:00, Sys 0 00:00:00  -  Run Local Usage
		Usr 0 00:01:19, Sys 0 00:00:18  -  Total Remote Usage
		Usr 0 00:00:00, Sys 0 00:00:00  -  Total Local Usage
	0  -  Run Bytes Sent By Job
	0  -  Run Bytes Received By Job
	0  -  Total Bytes Sent By Job
	0  -  Total Bytes Received By Job
	Partitionable Resources :    Usage  Request Allocated 
	   Cpus                 :     0.01        1         1 
	   Disk (KB)            :     1     1048576   3869111 
	   Memory (MB)          :   206       20480     20480 

	Job terminated of its own accord at 2024-02-29T08:15:41Z with exit-code 1.
...
005 (2897122.000.000) 2024-02-29 09:16:37 Job terminated.
	(1) Normal termination (return value 1)
		Usr 0 00:01:26, Sys 0 00:00:25  -  Run Remote Usage
		Usr 0 00:00:00, Sys 0 00:00:00  -  Run Local Usage
		Usr 0 00:01:26, Sys 0 00:00:25  -  Total Remote Usage
		Usr 0 00:00:00, Sys 0 00:00:00  -  Total Local Usage
	0  -  Run Bytes Sent By Job
	0  -  Run Bytes Received By Job
	0  -  Total Bytes Sent By Job
	0  -  Total Bytes Received By Job
	Partitionable Resources :    Usage  Request Allocated 
	   Cpus                 :     0.02        1         1 
	   Disk (KB)            :     1     1048576  24829555 
	   Memory (MB)          :   205       20480     20480 

	Job terminated of its own accord at 2024-02-29T08:16:36Z with exit-code 1.
...
005 (2897151.000.000) 2024-02-29 09:17:00 Job terminated.
	(1) Normal termination (return value 1)
		Usr 0 00:01:54, Sys 0 00:00:29  -  Run Remote Usage
		Usr 0 00:00:00, Sys 0 00:00:00  -  Run Local Usage
		Usr 0 00:01:54, Sys 0 00:00:29  -  Total Remote Usage
		Usr 0 00:00:00, Sys 0 00:00:00  -  Total Local Usage
	0  -  Run Bytes Sent By Job
	0  -  Run Bytes Received By Job
	0  -  Total Bytes Sent By Job
	0  -  Total Bytes Received By Job
	Partitionable Resources :    Usage  Request Allocated 
	   Cpus                 :     0.11        1         1 
	   Disk (KB)            :     1     1048576   3869111 
	   Memory (MB)          :   195       20480     20480 

	Job terminated of its own accord at 2024-02-29T08:17:00Z with exit-code 1.
...
005 (2897136.000.000) 2024-02-29 09:18:12 Job terminated.
	(1) Normal termination (return value 1)
		Usr 0 00:02:11, Sys 0 00:00:39  -  Run Remote Usage
		Usr 0 00:00:00, Sys 0 00:00:00  -  Run Local Usage
		Usr 0 00:02:11, Sys 0 00:00:39  -  Total Remote Usage
		Usr 0 00:00:00, Sys 0 00:00:00  -  Total Local Usage
	0  -  Run Bytes Sent By Job
	0  -  Run Bytes Received By Job
	0  -  Total Bytes Sent By Job
	0  -  Total Bytes Received By Job
	Partitionable Resources :    Usage  Request Allocated 
	   Cpus                 :     0.84        1         1 
	   Disk (KB)            :     1     1048576   3771086 
	   Memory (MB)          :  1255       20480     20480 

	Job terminated of its own accord at 2024-02-29T08:18:12Z with exit-code 1.
...
005 (2897149.000.000) 2024-02-29 09:18:51 Job terminated.
	(1) Normal termination (return value 1)
		Usr 0 00:02:13, Sys 0 00:00:31  -  Run Remote Usage
		Usr 0 00:00:00, Sys 0 00:00:00  -  Run Local Usage
		Usr 0 00:02:13, Sys 0 00:00:31  -  Total Remote Usage
		Usr 0 00:00:00, Sys 0 00:00:00  -  Total Local Usage
	0  -  Run Bytes Sent By Job
	0  -  Run Bytes Received By Job
	0  -  Total Bytes Sent By Job
	0  -  Total Bytes Received By Job
	Partitionable Resources :    Usage  Request Allocated 
	   Cpus                 :     0.03        1         1 
	   Disk (KB)            :     1     1048576  24620402 
	   Memory (MB)          :   204       20480     20480 

	Job terminated of its own accord at 2024-02-29T08:18:51Z with exit-code 1.
...
005 (2897134.000.000) 2024-02-29 09:21:03 Job terminated.
	(1) Normal termination (return value 1)
		Usr 0 00:02:12, Sys 0 00:00:38  -  Run Remote Usage
		Usr 0 00:00:00, Sys 0 00:00:00  -  Run Local Usage
		Usr 0 00:02:12, Sys 0 00:00:38  -  Total Remote Usage
		Usr 0 00:00:00, Sys 0 00:00:00  -  Total Local Usage
	0  -  Run Bytes Sent By Job
	0  -  Run Bytes Received By Job
	0  -  Total Bytes Sent By Job
	0  -  Total Bytes Received By Job
	Partitionable Resources :    Usage  Request Allocated 
	   Cpus                 :     0.04        1         1 
	   Disk (KB)            :     1     1048576   3771083 
	   Memory (MB)          :   207       20480     20480 

	Job terminated of its own accord at 2024-02-29T08:21:03Z with exit-code 1.
...
