000 (2897159.000.000) 2024-02-29 09:15:24 Job submitted from host: <10.0.8.14:9618?addrs=10.0.8.14-9618&alias=head2.htc.inm7.de&noUDP&sock=schedd_11993_c768>
    DAG Node: run2
...
000 (2897160.000.000) 2024-02-29 09:15:24 Job submitted from host: <10.0.8.14:9618?addrs=10.0.8.14-9618&alias=head2.htc.inm7.de&noUDP&sock=schedd_11993_c768>
    DAG Node: run8
...
000 (2897161.000.000) 2024-02-29 09:15:24 Job submitted from host: <10.0.8.14:9618?addrs=10.0.8.14-9618&alias=head2.htc.inm7.de&noUDP&sock=schedd_11993_c768>
    DAG Node: run9
...
000 (2897162.000.000) 2024-02-29 09:15:24 Job submitted from host: <10.0.8.14:9618?addrs=10.0.8.14-9618&alias=head2.htc.inm7.de&noUDP&sock=schedd_11993_c768>
    DAG Node: run63
...
000 (2897163.000.000) 2024-02-29 09:15:24 Job submitted from host: <10.0.8.14:9618?addrs=10.0.8.14-9618&alias=head2.htc.inm7.de&noUDP&sock=schedd_11993_c768>
    DAG Node: run83
...
000 (2897164.000.000) 2024-02-29 09:15:24 Job submitted from host: <10.0.8.14:9618?addrs=10.0.8.14-9618&alias=head2.htc.inm7.de&noUDP&sock=schedd_11993_c768>
    DAG Node: run93
...
000 (2897165.000.000) 2024-02-29 09:15:24 Job submitted from host: <10.0.8.14:9618?addrs=10.0.8.14-9618&alias=head2.htc.inm7.de&noUDP&sock=schedd_11993_c768>
    DAG Node: run128
...
000 (2897166.000.000) 2024-02-29 09:15:24 Job submitted from host: <10.0.8.14:9618?addrs=10.0.8.14-9618&alias=head2.htc.inm7.de&noUDP&sock=schedd_11993_c768>
    DAG Node: run140
...
000 (2897167.000.000) 2024-02-29 09:15:24 Job submitted from host: <10.0.8.14:9618?addrs=10.0.8.14-9618&alias=head2.htc.inm7.de&noUDP&sock=schedd_11993_c768>
    DAG Node: run173
...
000 (2897168.000.000) 2024-02-29 09:15:24 Job submitted from host: <10.0.8.14:9618?addrs=10.0.8.14-9618&alias=head2.htc.inm7.de&noUDP&sock=schedd_11993_c768>
    DAG Node: run182
...
000 (2897169.000.000) 2024-02-29 09:15:24 Job submitted from host: <10.0.8.14:9618?addrs=10.0.8.14-9618&alias=head2.htc.inm7.de&noUDP&sock=schedd_11993_c768>
    DAG Node: run203
...
001 (2897159.000.000) 2024-02-29 09:15:24 Job executing on host: <10.0.9.31:9618?addrs=10.0.9.31-9618&alias=cpu31.htc.inm7.de&noUDP&sock=startd_3005_c22f>
...
001 (2897160.000.000) 2024-02-29 09:15:41 Job executing on host: <10.0.9.42:9618?addrs=10.0.9.42-9618&alias=cpu42.htc.inm7.de&noUDP&sock=startd_3224_f96c>
...
001 (2897163.000.000) 2024-02-29 09:15:44 Job executing on host: <10.0.9.35:9618?addrs=10.0.9.35-9618&alias=cpu35.htc.inm7.de&noUDP&sock=startd_2845_0307>
...
001 (2897162.000.000) 2024-02-29 09:15:44 Job executing on host: <10.0.9.36:9618?addrs=10.0.9.36-9618&alias=cpu36.htc.inm7.de&noUDP&sock=startd_3284_211b>
...
001 (2897161.000.000) 2024-02-29 09:15:44 Job executing on host: <10.0.9.43:9618?addrs=10.0.9.43-9618&alias=cpu43.htc.inm7.de&noUDP&sock=startd_4211_f966>
...
001 (2897164.000.000) 2024-02-29 09:15:44 Job executing on host: <10.0.9.40:9618?addrs=10.0.9.40-9618&alias=cpu40.htc.inm7.de&noUDP&sock=startd_3185_393b>
...
001 (2897165.000.000) 2024-02-29 09:15:44 Job executing on host: <10.0.9.38:9618?addrs=10.0.9.38-9618&alias=cpu38.htc.inm7.de&noUDP&sock=startd_3188_4803>
...
001 (2897166.000.000) 2024-02-29 09:15:44 Job executing on host: <10.0.9.39:9618?addrs=10.0.9.39-9618&alias=cpu39.htc.inm7.de&noUDP&sock=startd_3209_af81>
...
001 (2897168.000.000) 2024-02-29 09:15:44 Job executing on host: <10.0.9.41:9618?addrs=10.0.9.41-9618&alias=cpu41.htc.inm7.de&noUDP&sock=startd_3202_e257>
...
001 (2897169.000.000) 2024-02-29 09:15:44 Job executing on host: <10.0.9.37:9618?addrs=10.0.9.37-9618&alias=cpu37.htc.inm7.de&noUDP&sock=startd_3194_6595>
...
001 (2897167.000.000) 2024-02-29 09:15:44 Job executing on host: <10.0.9.42:9618?addrs=10.0.9.42-9618&alias=cpu42.htc.inm7.de&noUDP&sock=startd_3224_f96c>
...
005 (2897161.000.000) 2024-02-29 09:16:12 Job terminated.
	(1) Normal termination (return value 1)
		Usr 0 00:00:13, Sys 0 00:00:10  -  Run Remote Usage
		Usr 0 00:00:00, Sys 0 00:00:00  -  Run Local Usage
		Usr 0 00:00:13, Sys 0 00:00:10  -  Total Remote Usage
		Usr 0 00:00:00, Sys 0 00:00:00  -  Total Local Usage
	0  -  Run Bytes Sent By Job
	0  -  Run Bytes Received By Job
	0  -  Total Bytes Sent By Job
	0  -  Total Bytes Received By Job
	Partitionable Resources :    Usage  Request Allocated 
	   Cpus                 :                 1         1 
	   Disk (KB)            :        1  1048576  24829555 
	   Memory (MB)          :      192    20480     20480 

	Job terminated of its own accord at 2024-02-29T08:16:12Z with exit-code 1.
...
005 (2897162.000.000) 2024-02-29 09:16:14 Job terminated.
	(1) Normal termination (return value 1)
		Usr 0 00:00:14, Sys 0 00:00:10  -  Run Remote Usage
		Usr 0 00:00:00, Sys 0 00:00:00  -  Run Local Usage
		Usr 0 00:00:14, Sys 0 00:00:10  -  Total Remote Usage
		Usr 0 00:00:00, Sys 0 00:00:00  -  Total Local Usage
	0  -  Run Bytes Sent By Job
	0  -  Run Bytes Received By Job
	0  -  Total Bytes Sent By Job
	0  -  Total Bytes Received By Job
	Partitionable Resources :    Usage  Request Allocated 
	   Cpus                 :                 1         1 
	   Disk (KB)            :        1  1048576   3869109 
	   Memory (MB)          :      195    20480     20480 

	Job terminated of its own accord at 2024-02-29T08:16:14Z with exit-code 1.
...
005 (2897159.000.000) 2024-02-29 09:17:14 Job terminated.
	(1) Normal termination (return value 1)
		Usr 0 00:01:13, Sys 0 00:00:22  -  Run Remote Usage
		Usr 0 00:00:00, Sys 0 00:00:00  -  Run Local Usage
		Usr 0 00:01:13, Sys 0 00:00:22  -  Total Remote Usage
		Usr 0 00:00:00, Sys 0 00:00:00  -  Total Local Usage
	0  -  Run Bytes Sent By Job
	0  -  Run Bytes Received By Job
	0  -  Total Bytes Sent By Job
	0  -  Total Bytes Received By Job
	Partitionable Resources :    Usage  Request Allocated 
	   Cpus                 :                 1         1 
	   Disk (KB)            :        1  1048576   3869111 
	   Memory (MB)          :      194    20480     20480 

	Job terminated of its own accord at 2024-02-29T08:17:14Z with exit-code 1.
...
005 (2897169.000.000) 2024-02-29 09:17:14 Job terminated.
	(1) Normal termination (return value 1)
		Usr 0 00:00:56, Sys 0 00:00:18  -  Run Remote Usage
		Usr 0 00:00:00, Sys 0 00:00:00  -  Run Local Usage
		Usr 0 00:00:56, Sys 0 00:00:18  -  Total Remote Usage
		Usr 0 00:00:00, Sys 0 00:00:00  -  Total Local Usage
	0  -  Run Bytes Sent By Job
	0  -  Run Bytes Received By Job
	0  -  Total Bytes Sent By Job
	0  -  Total Bytes Received By Job
	Partitionable Resources :    Usage  Request Allocated 
	   Cpus                 :     0.58        1         1 
	   Disk (KB)            :     1     1048576   3869121 
	   Memory (MB)          :   192       20480     20480 

	Job terminated of its own accord at 2024-02-29T08:17:14Z with exit-code 1.
...
005 (2897166.000.000) 2024-02-29 09:17:17 Job terminated.
	(1) Normal termination (return value 1)
		Usr 0 00:00:58, Sys 0 00:00:19  -  Run Remote Usage
		Usr 0 00:00:00, Sys 0 00:00:00  -  Run Local Usage
		Usr 0 00:00:58, Sys 0 00:00:19  -  Total Remote Usage
		Usr 0 00:00:00, Sys 0 00:00:00  -  Total Local Usage
	0  -  Run Bytes Sent By Job
	0  -  Run Bytes Received By Job
	0  -  Total Bytes Sent By Job
	0  -  Total Bytes Received By Job
	Partitionable Resources :    Usage  Request Allocated 
	   Cpus                 :                 1         1 
	   Disk (KB)            :        1  1048576   3869112 
	   Memory (MB)          :      194    20480     20480 

	Job terminated of its own accord at 2024-02-29T08:17:17Z with exit-code 1.
...
005 (2897163.000.000) 2024-02-29 09:17:20 Job terminated.
	(1) Normal termination (return value 1)
		Usr 0 00:01:03, Sys 0 00:00:20  -  Run Remote Usage
		Usr 0 00:00:00, Sys 0 00:00:00  -  Run Local Usage
		Usr 0 00:01:03, Sys 0 00:00:20  -  Total Remote Usage
		Usr 0 00:00:00, Sys 0 00:00:00  -  Total Local Usage
	0  -  Run Bytes Sent By Job
	0  -  Run Bytes Received By Job
	0  -  Total Bytes Sent By Job
	0  -  Total Bytes Received By Job
	Partitionable Resources :    Usage  Request Allocated 
	   Cpus                 :                 1         1 
	   Disk (KB)            :        1  1048576   3869108 
	   Memory (MB)          :      194    20480     20480 

	Job terminated of its own accord at 2024-02-29T08:17:20Z with exit-code 1.
...
005 (2897168.000.000) 2024-02-29 09:17:21 Job terminated.
	(1) Normal termination (return value 1)
		Usr 0 00:00:57, Sys 0 00:00:18  -  Run Remote Usage
		Usr 0 00:00:00, Sys 0 00:00:00  -  Run Local Usage
		Usr 0 00:00:57, Sys 0 00:00:18  -  Total Remote Usage
		Usr 0 00:00:00, Sys 0 00:00:00  -  Total Local Usage
	0  -  Run Bytes Sent By Job
	0  -  Run Bytes Received By Job
	0  -  Total Bytes Sent By Job
	0  -  Total Bytes Received By Job
	Partitionable Resources :    Usage  Request Allocated 
	   Cpus                 :                 1         1 
	   Disk (KB)            :        1  1048576   3869110 
	   Memory (MB)          :      191    20480     20480 

	Job terminated of its own accord at 2024-02-29T08:17:21Z with exit-code 1.
...
005 (2897164.000.000) 2024-02-29 09:17:23 Job terminated.
	(1) Normal termination (return value 1)
		Usr 0 00:01:00, Sys 0 00:00:19  -  Run Remote Usage
		Usr 0 00:00:00, Sys 0 00:00:00  -  Run Local Usage
		Usr 0 00:01:00, Sys 0 00:00:19  -  Total Remote Usage
		Usr 0 00:00:00, Sys 0 00:00:00  -  Total Local Usage
	0  -  Run Bytes Sent By Job
	0  -  Run Bytes Received By Job
	0  -  Total Bytes Sent By Job
	0  -  Total Bytes Received By Job
	Partitionable Resources :    Usage  Request Allocated 
	   Cpus                 :                 1         1 
	   Disk (KB)            :        1  1048576   3869109 
	   Memory (MB)          :      192    20480     20480 

	Job terminated of its own accord at 2024-02-29T08:17:23Z with exit-code 1.
...
005 (2897165.000.000) 2024-02-29 09:18:30 Job terminated.
	(1) Normal termination (return value 1)
		Usr 0 00:01:01, Sys 0 00:00:19  -  Run Remote Usage
		Usr 0 00:00:00, Sys 0 00:00:00  -  Run Local Usage
		Usr 0 00:01:01, Sys 0 00:00:19  -  Total Remote Usage
		Usr 0 00:00:00, Sys 0 00:00:00  -  Total Local Usage
	0  -  Run Bytes Sent By Job
	0  -  Run Bytes Received By Job
	0  -  Total Bytes Sent By Job
	0  -  Total Bytes Received By Job
	Partitionable Resources :    Usage  Request Allocated 
	   Cpus                 :                 1         1 
	   Disk (KB)            :        1  1048576   3869127 
	   Memory (MB)          :      192    20480     20480 

	Job terminated of its own accord at 2024-02-29T08:18:30Z with exit-code 1.
...
005 (2897160.000.000) 2024-02-29 09:21:16 Job terminated.
	(1) Normal termination (return value 1)
		Usr 0 00:01:03, Sys 0 00:00:18  -  Run Remote Usage
		Usr 0 00:00:00, Sys 0 00:00:00  -  Run Local Usage
		Usr 0 00:01:03, Sys 0 00:00:18  -  Total Remote Usage
		Usr 0 00:00:00, Sys 0 00:00:00  -  Total Local Usage
	0  -  Run Bytes Sent By Job
	0  -  Run Bytes Received By Job
	0  -  Total Bytes Sent By Job
	0  -  Total Bytes Received By Job
	Partitionable Resources :    Usage  Request Allocated 
	   Cpus                 :     0.02        1         1 
	   Disk (KB)            :     1     1048576   3869111 
	   Memory (MB)          :   195       20480     20480 

	Job terminated of its own accord at 2024-02-29T08:21:16Z with exit-code 1.
...
005 (2897167.000.000) 2024-02-29 09:21:58 Job terminated.
	(1) Normal termination (return value 1)
		Usr 0 00:01:02, Sys 0 00:00:18  -  Run Remote Usage
		Usr 0 00:00:00, Sys 0 00:00:00  -  Run Local Usage
		Usr 0 00:01:02, Sys 0 00:00:18  -  Total Remote Usage
		Usr 0 00:00:00, Sys 0 00:00:00  -  Total Local Usage
	0  -  Run Bytes Sent By Job
	0  -  Run Bytes Received By Job
	0  -  Total Bytes Sent By Job
	0  -  Total Bytes Received By Job
	Partitionable Resources :    Usage  Request Allocated 
	   Cpus                 :     0.02        1         1 
	   Disk (KB)            :     1     1048576   3869111 
	   Memory (MB)          :   192       20480     20480 

	Job terminated of its own accord at 2024-02-29T08:21:58Z with exit-code 1.
...
